1548123843828	mozrunner::runner	INFO	Running command: "/usr/local/bin/firefox" "-marionette" "-foreground" "-no-remote" "-profile" "/tmp/rust_mozprofile.hz3FIhSFfLK6"
1548123844252	addons.webextension.screenshots@mozilla.org	WARN	Loading extension 'screenshots@mozilla.org': Reading manifest: Invalid host permission: resource://pdf.js/
1548123844253	addons.webextension.screenshots@mozilla.org	WARN	Loading extension 'screenshots@mozilla.org': Reading manifest: Invalid host permission: about:reader*

(firefox:4893): Gtk-WARNING **: 09:24:04.515: Theme parsing error: <data>:1:34: Expected ')' in color definition

(firefox:4893): Gtk-WARNING **: 09:24:04.515: Theme parsing error: <data>:1:77: Expected ')' in color definition
1548123845942	Marionette	INFO	Listening on port 44315
1548123846060	Marionette	WARN	TLS certificate errors will be ignored for this session
[Parent 4893, Gecko_IOThread] WARNING: pipe error: Broken pipe: file /builds/worker/workspace/build/src/ipc/chromium/src/chrome/common/ipc_channel_posix.cc, line 736
[Parent 4893, Gecko_IOThread] WARNING: pipe error (123): Connection reset by peer: file /builds/worker/workspace/build/src/ipc/chromium/src/chrome/common/ipc_channel_posix.cc, line 363
[Parent 4893, Gecko_IOThread] WARNING: pipe error (77): Connection reset by peer: file /builds/worker/workspace/build/src/ipc/chromium/src/chrome/common/ipc_channel_posix.cc, line 363
1548123864831	Marionette	INFO	Stopped listening on port 44315
1548123866486	mozrunner::runner	INFO	Running command: "/usr/local/bin/firefox" "-marionette" "-foreground" "-no-remote" "-profile" "/tmp/rust_mozprofile.a1YDC6SFBqvc"
1548123866891	addons.webextension.screenshots@mozilla.org	WARN	Loading extension 'screenshots@mozilla.org': Reading manifest: Invalid host permission: resource://pdf.js/
1548123866891	addons.webextension.screenshots@mozilla.org	WARN	Loading extension 'screenshots@mozilla.org': Reading manifest: Invalid host permission: about:reader*

(firefox:5285): Gtk-WARNING **: 09:24:27.140: Theme parsing error: <data>:1:34: Expected ')' in color definition

(firefox:5285): Gtk-WARNING **: 09:24:27.140: Theme parsing error: <data>:1:77: Expected ')' in color definition
1548123868655	Marionette	INFO	Listening on port 37169
1548123868721	Marionette	WARN	TLS certificate errors will be ignored for this session
1548123880225	Marionette	INFO	Stopped listening on port 37169
1548123881652	mozrunner::runner	INFO	Running command: "/usr/local/bin/firefox" "-marionette" "-foreground" "-no-remote" "-profile" "/tmp/rust_mozprofile.bXuWVKEFKt7r"
1548123882048	addons.webextension.screenshots@mozilla.org	WARN	Loading extension 'screenshots@mozilla.org': Reading manifest: Invalid host permission: resource://pdf.js/
1548123882048	addons.webextension.screenshots@mozilla.org	WARN	Loading extension 'screenshots@mozilla.org': Reading manifest: Invalid host permission: about:reader*

(firefox:5676): Gtk-WARNING **: 09:24:42.301: Theme parsing error: <data>:1:34: Expected ')' in color definition

(firefox:5676): Gtk-WARNING **: 09:24:42.301: Theme parsing error: <data>:1:77: Expected ')' in color definition
1548123883986	Marionette	INFO	Listening on port 39853
1548123884121	Marionette	WARN	TLS certificate errors will be ignored for this session
JavaScript error: resource://gre/modules/WebProgressChild.jsm, line 58: TypeError: this.mm.content is null
[Parent 5676, Gecko_IOThread] WARNING: pipe error (96): Connection reset by peer: file /builds/worker/workspace/build/src/ipc/chromium/src/chrome/common/ipc_channel_posix.cc, line 363
1548123900612	Marionette	INFO	Stopped listening on port 39853
1548123904085	mozrunner::runner	INFO	Running command: "/usr/local/bin/firefox" "-marionette" "-foreground" "-no-remote" "-profile" "/tmp/rust_mozprofile.hpWRKZ3NQW44"
1548123904526	addons.webextension.screenshots@mozilla.org	WARN	Loading extension 'screenshots@mozilla.org': Reading manifest: Invalid host permission: resource://pdf.js/
1548123904526	addons.webextension.screenshots@mozilla.org	WARN	Loading extension 'screenshots@mozilla.org': Reading manifest: Invalid host permission: about:reader*

(firefox:6173): Gtk-WARNING **: 09:25:04.782: Theme parsing error: <data>:1:34: Expected ')' in color definition

(firefox:6173): Gtk-WARNING **: 09:25:04.782: Theme parsing error: <data>:1:77: Expected ')' in color definition
1548123906525	Marionette	INFO	Listening on port 34273
1548123906667	Marionette	WARN	TLS certificate errors will be ignored for this session
[Parent 6173, Gecko_IOThread] WARNING: pipe error (77): Connection reset by peer: file /builds/worker/workspace/build/src/ipc/chromium/src/chrome/common/ipc_channel_posix.cc, line 363
1548123929225	Marionette	INFO	Stopped listening on port 34273
